{"C:\\Users\\ghisl\\OneDrive\\Documents\\cameroonian-food-recipe\\Traditional-Food-Receipy-Application\\backend\\media-service\\src\\controllers\\mediaController.ts": {"path":"C:\\Users\\ghisl\\OneDrive\\Documents\\cameroonian-food-recipe\\Traditional-Food-Receipy-Application\\backend\\media-service\\src\\controllers\\mediaController.ts","statementMap":{"0":{"start":{"line":2,"column":0},"end":{"line":2,"column":49}},"1":{"start":{"line":3,"column":0},"end":{"line":3,"column":47}},"2":{"start":{"line":5,"column":0},"end":{"line":5,"column":36}},"3":{"start":{"line":6,"column":0},"end":{"line":6,"column":26}},"4":{"start":{"line":7,"column":0},"end":{"line":7,"column":36}},"5":{"start":{"line":8,"column":0},"end":{"line":8,"column":35}},"6":{"start":{"line":9,"column":0},"end":{"line":9,"column":28}},"7":{"start":{"line":10,"column":0},"end":{"line":10,"column":60}},"8":{"start":{"line":11,"column":0},"end":{"line":11,"column":46}},"9":{"start":{"line":12,"column":0},"end":{"line":12,"column":93}},"10":{"start":{"line":18,"column":13},"end":{"line":82,"column":3}},"11":{"start":{"line":18,"column":109},"end":{"line":82,"column":2}},"12":{"start":{"line":19,"column":2},"end":{"line":21,"column":3}},"13":{"start":{"line":20,"column":4},"end":{"line":20,"column":65}},"14":{"start":{"line":22,"column":2},"end":{"line":24,"column":3}},"15":{"start":{"line":23,"column":4},"end":{"line":23,"column":81}},"16":{"start":{"line":25,"column":2},"end":{"line":27,"column":3}},"17":{"start":{"line":26,"column":4},"end":{"line":26,"column":106}},"18":{"start":{"line":29,"column":23},"end":{"line":29,"column":44}},"19":{"start":{"line":30,"column":19},"end":{"line":30,"column":36}},"20":{"start":{"line":31,"column":19},"end":{"line":31,"column":27}},"21":{"start":{"line":32,"column":15},"end":{"line":32,"column":22}},"22":{"start":{"line":34,"column":2},"end":{"line":81,"column":3}},"23":{"start":{"line":35,"column":33},"end":{"line":38,"column":17}},"24":{"start":{"line":40,"column":18},"end":{"line":40,"column":94}},"25":{"start":{"line":42,"column":19},"end":{"line":51,"column":6}},"26":{"start":{"line":53,"column":25},"end":{"line":53,"column":44}},"27":{"start":{"line":55,"column":18},"end":{"line":55,"column":95}},"28":{"start":{"line":57,"column":26},"end":{"line":67,"column":6}},"29":{"start":{"line":69,"column":4},"end":{"line":69,"column":103}},"30":{"start":{"line":70,"column":4},"end":{"line":70,"column":31}},"31":{"start":{"line":72,"column":4},"end":{"line":76,"column":7}},"32":{"start":{"line":79,"column":4},"end":{"line":79,"column":65}},"33":{"start":{"line":80,"column":4},"end":{"line":80,"column":82}},"34":{"start":{"line":85,"column":13},"end":{"line":150,"column":3}},"35":{"start":{"line":85,"column":104},"end":{"line":150,"column":2}},"36":{"start":{"line":86,"column":2},"end":{"line":88,"column":3}},"37":{"start":{"line":87,"column":4},"end":{"line":87,"column":76}},"38":{"start":{"line":90,"column":2},"end":{"line":92,"column":3}},"39":{"start":{"line":91,"column":4},"end":{"line":91,"column":82}},"40":{"start":{"line":94,"column":2},"end":{"line":96,"column":3}},"41":{"start":{"line":95,"column":4},"end":{"line":95,"column":108}},"42":{"start":{"line":98,"column":23},"end":{"line":98,"column":44}},"43":{"start":{"line":99,"column":19},"end":{"line":99,"column":28}},"44":{"start":{"line":100,"column":15},"end":{"line":100,"column":22}},"45":{"start":{"line":102,"column":2},"end":{"line":149,"column":3}},"46":{"start":{"line":104,"column":33},"end":{"line":107,"column":17}},"47":{"start":{"line":109,"column":18},"end":{"line":109,"column":72}},"48":{"start":{"line":111,"column":19},"end":{"line":120,"column":6}},"49":{"start":{"line":122,"column":25},"end":{"line":122,"column":44}},"50":{"start":{"line":124,"column":18},"end":{"line":124,"column":95}},"51":{"start":{"line":126,"column":26},"end":{"line":136,"column":6}},"52":{"start":{"line":138,"column":4},"end":{"line":138,"column":31}},"53":{"start":{"line":140,"column":4},"end":{"line":144,"column":7}},"54":{"start":{"line":147,"column":4},"end":{"line":147,"column":65}},"55":{"start":{"line":148,"column":4},"end":{"line":148,"column":83}},"56":{"start":{"line":153,"column":13},"end":{"line":212,"column":3}},"57":{"start":{"line":153,"column":107},"end":{"line":212,"column":2}},"58":{"start":{"line":154,"column":18},"end":{"line":154,"column":31}},"59":{"start":{"line":156,"column":2},"end":{"line":158,"column":3}},"60":{"start":{"line":157,"column":4},"end":{"line":157,"column":81}},"61":{"start":{"line":160,"column":2},"end":{"line":162,"column":3}},"62":{"start":{"line":161,"column":4},"end":{"line":161,"column":106}},"63":{"start":{"line":164,"column":16},"end":{"line":164,"column":45}},"64":{"start":{"line":166,"column":2},"end":{"line":168,"column":3}},"65":{"start":{"line":167,"column":4},"end":{"line":167,"column":58}},"66":{"start":{"line":171,"column":18},"end":{"line":171,"column":50}},"67":{"start":{"line":172,"column":18},"end":{"line":172,"column":61}},"68":{"start":{"line":174,"column":2},"end":{"line":176,"column":3}},"69":{"start":{"line":175,"column":4},"end":{"line":175,"column":86}},"70":{"start":{"line":178,"column":2},"end":{"line":211,"column":3}},"71":{"start":{"line":180,"column":26},"end":{"line":183,"column":6}},"72":{"start":{"line":184,"column":4},"end":{"line":184,"column":39}},"73":{"start":{"line":187,"column":4},"end":{"line":187,"column":43}},"74":{"start":{"line":190,"column":4},"end":{"line":194,"column":7}},"75":{"start":{"line":197,"column":4},"end":{"line":197,"column":69}},"76":{"start":{"line":198,"column":4},"end":{"line":209,"column":5}},"77":{"start":{"line":199,"column":8},"end":{"line":199,"column":97}},"78":{"start":{"line":200,"column":8},"end":{"line":203,"column":11}},"79":{"start":{"line":201,"column":12},"end":{"line":201,"column":112}},"80":{"start":{"line":204,"column":8},"end":{"line":208,"column":11}},"81":{"start":{"line":210,"column":4},"end":{"line":210,"column":82}},"82":{"start":{"line":215,"column":13},"end":{"line":236,"column":3}},"83":{"start":{"line":215,"column":109},"end":{"line":236,"column":2}},"84":{"start":{"line":216,"column":18},"end":{"line":216,"column":31}},"85":{"start":{"line":218,"column":16},"end":{"line":218,"column":67}},"86":{"start":{"line":220,"column":2},"end":{"line":222,"column":3}},"87":{"start":{"line":221,"column":4},"end":{"line":221,"column":58}},"88":{"start":{"line":224,"column":2},"end":{"line":226,"column":3}},"89":{"start":{"line":225,"column":4},"end":{"line":225,"column":74}},"90":{"start":{"line":228,"column":2},"end":{"line":230,"column":3}},"91":{"start":{"line":229,"column":4},"end":{"line":229,"column":74}},"92":{"start":{"line":235,"column":2},"end":{"line":235,"column":33}},"93":{"start":{"line":239,"column":13},"end":{"line":304,"column":3}},"94":{"start":{"line":239,"column":109},"end":{"line":304,"column":2}},"95":{"start":{"line":240,"column":2},"end":{"line":242,"column":3}},"96":{"start":{"line":241,"column":4},"end":{"line":241,"column":65}},"97":{"start":{"line":244,"column":2},"end":{"line":246,"column":3}},"98":{"start":{"line":245,"column":4},"end":{"line":245,"column":81}},"99":{"start":{"line":248,"column":2},"end":{"line":250,"column":3}},"100":{"start":{"line":249,"column":4},"end":{"line":249,"column":107}},"101":{"start":{"line":252,"column":23},"end":{"line":252,"column":44}},"102":{"start":{"line":253,"column":19},"end":{"line":253,"column":36}},"103":{"start":{"line":254,"column":19},"end":{"line":254,"column":27}},"104":{"start":{"line":255,"column":15},"end":{"line":255,"column":22}},"105":{"start":{"line":257,"column":2},"end":{"line":303,"column":3}},"106":{"start":{"line":260,"column":24},"end":{"line":260,"column":39}},"107":{"start":{"line":261,"column":18},"end":{"line":261,"column":89}},"108":{"start":{"line":263,"column":19},"end":{"line":272,"column":6}},"109":{"start":{"line":274,"column":25},"end":{"line":274,"column":44}},"110":{"start":{"line":276,"column":18},"end":{"line":276,"column":95}},"111":{"start":{"line":278,"column":26},"end":{"line":288,"column":6}},"112":{"start":{"line":290,"column":4},"end":{"line":290,"column":31}},"113":{"start":{"line":292,"column":4},"end":{"line":296,"column":7}},"114":{"start":{"line":299,"column":4},"end":{"line":299,"column":65}},"115":{"start":{"line":302,"column":4},"end":{"line":302,"column":82}},"116":{"start":{"line":307,"column":13},"end":{"line":327,"column":3}},"117":{"start":{"line":307,"column":103},"end":{"line":327,"column":2}},"118":{"start":{"line":308,"column":18},"end":{"line":308,"column":31}},"119":{"start":{"line":309,"column":16},"end":{"line":309,"column":67}},"120":{"start":{"line":311,"column":2},"end":{"line":313,"column":3}},"121":{"start":{"line":312,"column":4},"end":{"line":312,"column":58}},"122":{"start":{"line":315,"column":2},"end":{"line":317,"column":3}},"123":{"start":{"line":316,"column":4},"end":{"line":316,"column":73}},"124":{"start":{"line":319,"column":2},"end":{"line":321,"column":3}},"125":{"start":{"line":320,"column":4},"end":{"line":320,"column":74}},"126":{"start":{"line":326,"column":2},"end":{"line":326,"column":33}},"127":{"start":{"line":330,"column":13},"end":{"line":429,"column":3}},"128":{"start":{"line":330,"column":114},"end":{"line":429,"column":2}},"129":{"start":{"line":331,"column":18},"end":{"line":331,"column":31}},"130":{"start":{"line":332,"column":2},"end":{"line":334,"column":3}},"131":{"start":{"line":333,"column":4},"end":{"line":333,"column":65}},"132":{"start":{"line":335,"column":2},"end":{"line":337,"column":3}},"133":{"start":{"line":336,"column":4},"end":{"line":336,"column":86}},"134":{"start":{"line":339,"column":21},"end":{"line":339,"column":50}},"135":{"start":{"line":340,"column":2},"end":{"line":342,"column":3}},"136":{"start":{"line":341,"column":4},"end":{"line":341,"column":82}},"137":{"start":{"line":343,"column":2},"end":{"line":345,"column":3}},"138":{"start":{"line":344,"column":4},"end":{"line":344,"column":73}},"139":{"start":{"line":347,"column":25},"end":{"line":347,"column":66}},"140":{"start":{"line":348,"column":28},"end":{"line":348,"column":52}},"141":{"start":{"line":351,"column":28},"end":{"line":360,"column":4}},"142":{"start":{"line":362,"column":2},"end":{"line":428,"column":3}},"143":{"start":{"line":364,"column":28},"end":{"line":367,"column":6}},"144":{"start":{"line":368,"column":29},"end":{"line":368,"column":65}},"145":{"start":{"line":370,"column":4},"end":{"line":372,"column":5}},"146":{"start":{"line":371,"column":8},"end":{"line":371,"column":86}},"147":{"start":{"line":373,"column":26},"end":{"line":373,"column":66}},"148":{"start":{"line":376,"column":4},"end":{"line":391,"column":46}},"149":{"start":{"line":384,"column":8},"end":{"line":384,"column":72}},"150":{"start":{"line":386,"column":8},"end":{"line":386,"column":78}},"151":{"start":{"line":394,"column":4},"end":{"line":394,"column":35}},"152":{"start":{"line":396,"column":25},"end":{"line":396,"column":111}},"153":{"start":{"line":398,"column":30},"end":{"line":409,"column":6}},"154":{"start":{"line":413,"column":4},"end":{"line":413,"column":35}},"155":{"start":{"line":415,"column":4},"end":{"line":419,"column":7}},"156":{"start":{"line":422,"column":4},"end":{"line":422,"column":62}},"157":{"start":{"line":424,"column":4},"end":{"line":426,"column":5}},"158":{"start":{"line":425,"column":8},"end":{"line":425,"column":93}},"159":{"start":{"line":427,"column":4},"end":{"line":427,"column":93}},"160":{"start":{"line":432,"column":13},"end":{"line":496,"column":3}},"161":{"start":{"line":432,"column":118},"end":{"line":496,"column":2}},"162":{"start":{"line":433,"column":2},"end":{"line":435,"column":3}},"163":{"start":{"line":434,"column":4},"end":{"line":434,"column":68}},"164":{"start":{"line":437,"column":2},"end":{"line":441,"column":3}},"165":{"start":{"line":440,"column":4},"end":{"line":440,"column":97}},"166":{"start":{"line":443,"column":2},"end":{"line":445,"column":3}},"167":{"start":{"line":444,"column":4},"end":{"line":444,"column":110}},"168":{"start":{"line":447,"column":23},"end":{"line":447,"column":44}},"169":{"start":{"line":448,"column":19},"end":{"line":448,"column":36}},"170":{"start":{"line":449,"column":19},"end":{"line":449,"column":33}},"171":{"start":{"line":450,"column":15},"end":{"line":450,"column":25}},"172":{"start":{"line":452,"column":2},"end":{"line":495,"column":3}},"173":{"start":{"line":453,"column":27},"end":{"line":453,"column":42}},"174":{"start":{"line":455,"column":18},"end":{"line":455,"column":104}},"175":{"start":{"line":457,"column":19},"end":{"line":466,"column":6}},"176":{"start":{"line":468,"column":25},"end":{"line":468,"column":44}},"177":{"start":{"line":470,"column":18},"end":{"line":470,"column":95}},"178":{"start":{"line":472,"column":26},"end":{"line":482,"column":6}},"179":{"start":{"line":484,"column":4},"end":{"line":484,"column":31}},"180":{"start":{"line":486,"column":4},"end":{"line":490,"column":7}},"181":{"start":{"line":493,"column":4},"end":{"line":493,"column":61}},"182":{"start":{"line":494,"column":4},"end":{"line":494,"column":85}},"183":{"start":{"line":501,"column":13},"end":{"line":525,"column":3}},"184":{"start":{"line":501,"column":107},"end":{"line":525,"column":2}},"185":{"start":{"line":503,"column":15},"end":{"line":503,"column":58}},"186":{"start":{"line":504,"column":16},"end":{"line":504,"column":61}},"187":{"start":{"line":505,"column":15},"end":{"line":505,"column":33}},"188":{"start":{"line":507,"column":23},"end":{"line":510,"column":17}},"189":{"start":{"line":512,"column":28},"end":{"line":512,"column":77}},"190":{"start":{"line":514,"column":2},"end":{"line":524,"column":5}},"191":{"start":{"line":528,"column":13},"end":{"line":558,"column":3}},"192":{"start":{"line":528,"column":105},"end":{"line":558,"column":2}},"193":{"start":{"line":531,"column":18},"end":{"line":531,"column":31}},"194":{"start":{"line":532,"column":36},"end":{"line":532,"column":44}},"195":{"start":{"line":534,"column":16},"end":{"line":534,"column":45}},"196":{"start":{"line":536,"column":2},"end":{"line":538,"column":3}},"197":{"start":{"line":537,"column":4},"end":{"line":537,"column":58}},"198":{"start":{"line":541,"column":2},"end":{"line":541,"column":24}},"199":{"start":{"line":542,"column":2},"end":{"line":546,"column":3}},"200":{"start":{"line":543,"column":4},"end":{"line":543,"column":40}},"201":{"start":{"line":544,"column":9},"end":{"line":546,"column":3}},"202":{"start":{"line":545,"column":4},"end":{"line":545,"column":36}},"203":{"start":{"line":551,"column":23},"end":{"line":551,"column":41}},"204":{"start":{"line":553,"column":2},"end":{"line":557,"column":5}},"205":{"start":{"line":561,"column":13},"end":{"line":601,"column":3}},"206":{"start":{"line":561,"column":110},"end":{"line":601,"column":2}},"207":{"start":{"line":564,"column":21},"end":{"line":564,"column":49}},"208":{"start":{"line":566,"column":22},"end":{"line":569,"column":4}},"209":{"start":{"line":571,"column":26},"end":{"line":574,"column":4}},"210":{"start":{"line":576,"column":24},"end":{"line":579,"column":4}},"211":{"start":{"line":584,"column":29},"end":{"line":586,"column":4}},"212":{"start":{"line":587,"column":28},"end":{"line":587,"column":95}},"213":{"start":{"line":590,"column":2},"end":{"line":600,"column":5}},"214":{"start":{"line":596,"column":53},"end":{"line":596,"column":89}},"215":{"start":{"line":597,"column":61},"end":{"line":597,"column":97}},"216":{"start":{"line":598,"column":57},"end":{"line":598,"column":93}}},"fnMap":{"0":{"name":"(anonymous_8)","decl":{"start":{"line":18,"column":46},"end":{"line":18,"column":53}},"loc":{"start":{"line":18,"column":109},"end":{"line":82,"column":2}}},"1":{"name":"(anonymous_9)","decl":{"start":{"line":18,"column":109},"end":{"line":18,"column":null}},"loc":{"start":{"line":18,"column":109},"end":{"line":82,"column":1}}},"2":{"name":"(anonymous_10)","decl":{"start":{"line":85,"column":41},"end":{"line":85,"column":48}},"loc":{"start":{"line":85,"column":104},"end":{"line":150,"column":2}}},"3":{"name":"(anonymous_11)","decl":{"start":{"line":85,"column":104},"end":{"line":85,"column":null}},"loc":{"start":{"line":85,"column":104},"end":{"line":150,"column":1}}},"4":{"name":"(anonymous_12)","decl":{"start":{"line":153,"column":44},"end":{"line":153,"column":51}},"loc":{"start":{"line":153,"column":107},"end":{"line":212,"column":2}}},"5":{"name":"(anonymous_13)","decl":{"start":{"line":153,"column":107},"end":{"line":153,"column":null}},"loc":{"start":{"line":153,"column":107},"end":{"line":212,"column":1}}},"6":{"name":"(anonymous_14)","decl":{"start":{"line":200,"column":53},"end":{"line":200,"column":60}},"loc":{"start":{"line":200,"column":63},"end":{"line":203,"column":9}}},"7":{"name":"(anonymous_15)","decl":{"start":{"line":215,"column":46},"end":{"line":215,"column":53}},"loc":{"start":{"line":215,"column":109},"end":{"line":236,"column":2}}},"8":{"name":"(anonymous_16)","decl":{"start":{"line":215,"column":109},"end":{"line":215,"column":null}},"loc":{"start":{"line":215,"column":109},"end":{"line":236,"column":1}}},"9":{"name":"(anonymous_17)","decl":{"start":{"line":239,"column":46},"end":{"line":239,"column":53}},"loc":{"start":{"line":239,"column":109},"end":{"line":304,"column":2}}},"10":{"name":"(anonymous_18)","decl":{"start":{"line":239,"column":109},"end":{"line":239,"column":null}},"loc":{"start":{"line":239,"column":109},"end":{"line":304,"column":1}}},"11":{"name":"(anonymous_19)","decl":{"start":{"line":307,"column":40},"end":{"line":307,"column":47}},"loc":{"start":{"line":307,"column":103},"end":{"line":327,"column":2}}},"12":{"name":"(anonymous_20)","decl":{"start":{"line":307,"column":103},"end":{"line":307,"column":null}},"loc":{"start":{"line":307,"column":103},"end":{"line":327,"column":1}}},"13":{"name":"(anonymous_21)","decl":{"start":{"line":330,"column":51},"end":{"line":330,"column":58}},"loc":{"start":{"line":330,"column":114},"end":{"line":429,"column":2}}},"14":{"name":"(anonymous_22)","decl":{"start":{"line":330,"column":114},"end":{"line":330,"column":null}},"loc":{"start":{"line":330,"column":114},"end":{"line":429,"column":1}}},"15":{"name":"(anonymous_23)","decl":{"start":{"line":383,"column":19},"end":{"line":383,"column":20}},"loc":{"start":{"line":383,"column":34},"end":{"line":390,"column":7}}},"16":{"name":"(anonymous_24)","decl":{"start":{"line":432,"column":55},"end":{"line":432,"column":62}},"loc":{"start":{"line":432,"column":118},"end":{"line":496,"column":2}}},"17":{"name":"(anonymous_25)","decl":{"start":{"line":432,"column":118},"end":{"line":432,"column":null}},"loc":{"start":{"line":432,"column":118},"end":{"line":496,"column":1}}},"18":{"name":"(anonymous_26)","decl":{"start":{"line":501,"column":44},"end":{"line":501,"column":51}},"loc":{"start":{"line":501,"column":107},"end":{"line":525,"column":2}}},"19":{"name":"(anonymous_27)","decl":{"start":{"line":501,"column":107},"end":{"line":501,"column":null}},"loc":{"start":{"line":501,"column":107},"end":{"line":525,"column":1}}},"20":{"name":"(anonymous_28)","decl":{"start":{"line":528,"column":42},"end":{"line":528,"column":49}},"loc":{"start":{"line":528,"column":105},"end":{"line":558,"column":2}}},"21":{"name":"(anonymous_29)","decl":{"start":{"line":528,"column":105},"end":{"line":528,"column":null}},"loc":{"start":{"line":528,"column":105},"end":{"line":558,"column":1}}},"22":{"name":"(anonymous_30)","decl":{"start":{"line":561,"column":47},"end":{"line":561,"column":54}},"loc":{"start":{"line":561,"column":110},"end":{"line":601,"column":2}}},"23":{"name":"(anonymous_31)","decl":{"start":{"line":561,"column":110},"end":{"line":561,"column":null}},"loc":{"start":{"line":561,"column":110},"end":{"line":601,"column":1}}},"24":{"name":"(anonymous_32)","decl":{"start":{"line":596,"column":38},"end":{"line":596,"column":39}},"loc":{"start":{"line":596,"column":53},"end":{"line":596,"column":89}}},"25":{"name":"(anonymous_33)","decl":{"start":{"line":597,"column":46},"end":{"line":597,"column":47}},"loc":{"start":{"line":597,"column":61},"end":{"line":597,"column":97}}},"26":{"name":"(anonymous_34)","decl":{"start":{"line":598,"column":42},"end":{"line":598,"column":43}},"loc":{"start":{"line":598,"column":57},"end":{"line":598,"column":93}}}},"branchMap":{"0":{"loc":{"start":{"line":19,"column":2},"end":{"line":21,"column":3}},"type":"if","locations":[{"start":{"line":19,"column":2},"end":{"line":21,"column":3}}]},"1":{"loc":{"start":{"line":22,"column":2},"end":{"line":24,"column":3}},"type":"if","locations":[{"start":{"line":22,"column":2},"end":{"line":24,"column":3}}]},"2":{"loc":{"start":{"line":25,"column":2},"end":{"line":27,"column":3}},"type":"if","locations":[{"start":{"line":25,"column":2},"end":{"line":27,"column":3}}]},"3":{"loc":{"start":{"line":25,"column":6},"end":{"line":25,"column":32}},"type":"binary-expr","locations":[{"start":{"line":25,"column":6},"end":{"line":25,"column":15}},{"start":{"line":25,"column":19},"end":{"line":25,"column":32}}]},"4":{"loc":{"start":{"line":86,"column":2},"end":{"line":88,"column":3}},"type":"if","locations":[{"start":{"line":86,"column":2},"end":{"line":88,"column":3}}]},"5":{"loc":{"start":{"line":90,"column":2},"end":{"line":92,"column":3}},"type":"if","locations":[{"start":{"line":90,"column":2},"end":{"line":92,"column":3}}]},"6":{"loc":{"start":{"line":94,"column":2},"end":{"line":96,"column":3}},"type":"if","locations":[{"start":{"line":94,"column":2},"end":{"line":96,"column":3}}]},"7":{"loc":{"start":{"line":94,"column":6},"end":{"line":94,"column":32}},"type":"binary-expr","locations":[{"start":{"line":94,"column":6},"end":{"line":94,"column":15}},{"start":{"line":94,"column":19},"end":{"line":94,"column":32}}]},"8":{"loc":{"start":{"line":156,"column":2},"end":{"line":158,"column":3}},"type":"if","locations":[{"start":{"line":156,"column":2},"end":{"line":158,"column":3}}]},"9":{"loc":{"start":{"line":160,"column":2},"end":{"line":162,"column":3}},"type":"if","locations":[{"start":{"line":160,"column":2},"end":{"line":162,"column":3}}]},"10":{"loc":{"start":{"line":160,"column":6},"end":{"line":160,"column":32}},"type":"binary-expr","locations":[{"start":{"line":160,"column":6},"end":{"line":160,"column":15}},{"start":{"line":160,"column":19},"end":{"line":160,"column":32}}]},"11":{"loc":{"start":{"line":166,"column":2},"end":{"line":168,"column":3}},"type":"if","locations":[{"start":{"line":166,"column":2},"end":{"line":168,"column":3}}]},"12":{"loc":{"start":{"line":174,"column":2},"end":{"line":176,"column":3}},"type":"if","locations":[{"start":{"line":174,"column":2},"end":{"line":176,"column":3}}]},"13":{"loc":{"start":{"line":174,"column":6},"end":{"line":174,"column":26}},"type":"binary-expr","locations":[{"start":{"line":174,"column":6},"end":{"line":174,"column":14}},{"start":{"line":174,"column":18},"end":{"line":174,"column":26}}]},"14":{"loc":{"start":{"line":198,"column":4},"end":{"line":209,"column":5}},"type":"if","locations":[{"start":{"line":198,"column":4},"end":{"line":209,"column":5}}]},"15":{"loc":{"start":{"line":220,"column":2},"end":{"line":222,"column":3}},"type":"if","locations":[{"start":{"line":220,"column":2},"end":{"line":222,"column":3}}]},"16":{"loc":{"start":{"line":224,"column":2},"end":{"line":226,"column":3}},"type":"if","locations":[{"start":{"line":224,"column":2},"end":{"line":226,"column":3}}]},"17":{"loc":{"start":{"line":228,"column":2},"end":{"line":230,"column":3}},"type":"if","locations":[{"start":{"line":228,"column":2},"end":{"line":230,"column":3}}]},"18":{"loc":{"start":{"line":240,"column":2},"end":{"line":242,"column":3}},"type":"if","locations":[{"start":{"line":240,"column":2},"end":{"line":242,"column":3}}]},"19":{"loc":{"start":{"line":244,"column":2},"end":{"line":246,"column":3}},"type":"if","locations":[{"start":{"line":244,"column":2},"end":{"line":246,"column":3}}]},"20":{"loc":{"start":{"line":248,"column":2},"end":{"line":250,"column":3}},"type":"if","locations":[{"start":{"line":248,"column":2},"end":{"line":250,"column":3}}]},"21":{"loc":{"start":{"line":248,"column":6},"end":{"line":248,"column":32}},"type":"binary-expr","locations":[{"start":{"line":248,"column":6},"end":{"line":248,"column":15}},{"start":{"line":248,"column":19},"end":{"line":248,"column":32}}]},"22":{"loc":{"start":{"line":311,"column":2},"end":{"line":313,"column":3}},"type":"if","locations":[{"start":{"line":311,"column":2},"end":{"line":313,"column":3}}]},"23":{"loc":{"start":{"line":315,"column":2},"end":{"line":317,"column":3}},"type":"if","locations":[{"start":{"line":315,"column":2},"end":{"line":317,"column":3}}]},"24":{"loc":{"start":{"line":319,"column":2},"end":{"line":321,"column":3}},"type":"if","locations":[{"start":{"line":319,"column":2},"end":{"line":321,"column":3}}]},"25":{"loc":{"start":{"line":332,"column":2},"end":{"line":334,"column":3}},"type":"if","locations":[{"start":{"line":332,"column":2},"end":{"line":334,"column":3}}]},"26":{"loc":{"start":{"line":335,"column":2},"end":{"line":337,"column":3}},"type":"if","locations":[{"start":{"line":335,"column":2},"end":{"line":337,"column":3}}]},"27":{"loc":{"start":{"line":335,"column":6},"end":{"line":335,"column":32}},"type":"binary-expr","locations":[{"start":{"line":335,"column":6},"end":{"line":335,"column":15}},{"start":{"line":335,"column":19},"end":{"line":335,"column":32}}]},"28":{"loc":{"start":{"line":340,"column":2},"end":{"line":342,"column":3}},"type":"if","locations":[{"start":{"line":340,"column":2},"end":{"line":342,"column":3}}]},"29":{"loc":{"start":{"line":340,"column":6},"end":{"line":340,"column":48}},"type":"binary-expr","locations":[{"start":{"line":340,"column":6},"end":{"line":340,"column":17}},{"start":{"line":340,"column":21},"end":{"line":340,"column":48}}]},"30":{"loc":{"start":{"line":343,"column":2},"end":{"line":345,"column":3}},"type":"if","locations":[{"start":{"line":343,"column":2},"end":{"line":345,"column":3}}]},"31":{"loc":{"start":{"line":370,"column":4},"end":{"line":372,"column":5}},"type":"if","locations":[{"start":{"line":370,"column":4},"end":{"line":372,"column":5}}]},"32":{"loc":{"start":{"line":370,"column":8},"end":{"line":370,"column":85}},"type":"binary-expr","locations":[{"start":{"line":370,"column":8},"end":{"line":370,"column":30}},{"start":{"line":370,"column":34},"end":{"line":370,"column":85}}]},"33":{"loc":{"start":{"line":424,"column":4},"end":{"line":426,"column":5}},"type":"if","locations":[{"start":{"line":424,"column":4},"end":{"line":426,"column":5}}]},"34":{"loc":{"start":{"line":425,"column":34},"end":{"line":425,"column":91}},"type":"cond-expr","locations":[{"start":{"line":425,"column":59},"end":{"line":425,"column":64}},{"start":{"line":425,"column":67},"end":{"line":425,"column":91}}]},"35":{"loc":{"start":{"line":433,"column":2},"end":{"line":435,"column":3}},"type":"if","locations":[{"start":{"line":433,"column":2},"end":{"line":435,"column":3}}]},"36":{"loc":{"start":{"line":437,"column":2},"end":{"line":441,"column":3}},"type":"if","locations":[{"start":{"line":437,"column":2},"end":{"line":441,"column":3}}]},"37":{"loc":{"start":{"line":443,"column":2},"end":{"line":445,"column":3}},"type":"if","locations":[{"start":{"line":443,"column":2},"end":{"line":445,"column":3}}]},"38":{"loc":{"start":{"line":443,"column":6},"end":{"line":443,"column":32}},"type":"binary-expr","locations":[{"start":{"line":443,"column":6},"end":{"line":443,"column":15}},{"start":{"line":443,"column":19},"end":{"line":443,"column":32}}]},"39":{"loc":{"start":{"line":503,"column":15},"end":{"line":503,"column":58}},"type":"binary-expr","locations":[{"start":{"line":503,"column":15},"end":{"line":503,"column":53}},{"start":{"line":503,"column":57},"end":{"line":503,"column":58}}]},"40":{"loc":{"start":{"line":504,"column":16},"end":{"line":504,"column":61}},"type":"binary-expr","locations":[{"start":{"line":504,"column":16},"end":{"line":504,"column":55}},{"start":{"line":504,"column":59},"end":{"line":504,"column":61}}]},"41":{"loc":{"start":{"line":536,"column":2},"end":{"line":538,"column":3}},"type":"if","locations":[{"start":{"line":536,"column":2},"end":{"line":538,"column":3}}]},"42":{"loc":{"start":{"line":542,"column":2},"end":{"line":546,"column":3}},"type":"if","locations":[{"start":{"line":542,"column":2},"end":{"line":546,"column":3}},{"start":{"line":544,"column":9},"end":{"line":546,"column":3}}]},"43":{"loc":{"start":{"line":542,"column":6},"end":{"line":542,"column":43}},"type":"binary-expr","locations":[{"start":{"line":542,"column":6},"end":{"line":542,"column":26}},{"start":{"line":542,"column":30},"end":{"line":542,"column":43}}]},"44":{"loc":{"start":{"line":544,"column":9},"end":{"line":546,"column":3}},"type":"if","locations":[{"start":{"line":544,"column":9},"end":{"line":546,"column":3}}]},"45":{"loc":{"start":{"line":587,"column":28},"end":{"line":587,"column":95}},"type":"cond-expr","locations":[{"start":{"line":587,"column":60},"end":{"line":587,"column":91}},{"start":{"line":587,"column":94},"end":{"line":587,"column":95}}]}},"s":{"0":1,"1":1,"2":1,"3":1,"4":1,"5":1,"6":1,"7":1,"8":1,"9":1,"10":1,"11":6,"12":6,"13":1,"14":5,"15":1,"16":4,"17":0,"18":4,"19":4,"20":4,"21":4,"22":4,"23":4,"24":3,"25":3,"26":3,"27":2,"28":2,"29":2,"30":2,"31":1,"32":3,"33":3,"34":1,"35":0,"36":0,"37":0,"38":0,"39":0,"40":0,"41":0,"42":0,"43":0,"44":0,"45":0,"46":0,"47":0,"48":0,"49":0,"50":0,"51":0,"52":0,"53":0,"54":0,"55":0,"56":1,"57":0,"58":0,"59":0,"60":0,"61":0,"62":0,"63":0,"64":0,"65":0,"66":0,"67":0,"68":0,"69":0,"70":0,"71":0,"72":0,"73":0,"74":0,"75":0,"76":0,"77":0,"78":0,"79":0,"80":0,"81":0,"82":1,"83":0,"84":0,"85":0,"86":0,"87":0,"88":0,"89":0,"90":0,"91":0,"92":0,"93":1,"94":0,"95":0,"96":0,"97":0,"98":0,"99":0,"100":0,"101":0,"102":0,"103":0,"104":0,"105":0,"106":0,"107":0,"108":0,"109":0,"110":0,"111":0,"112":0,"113":0,"114":0,"115":0,"116":1,"117":0,"118":0,"119":0,"120":0,"121":0,"122":0,"123":0,"124":0,"125":0,"126":0,"127":1,"128":0,"129":0,"130":0,"131":0,"132":0,"133":0,"134":0,"135":0,"136":0,"137":0,"138":0,"139":0,"140":0,"141":0,"142":0,"143":0,"144":0,"145":0,"146":0,"147":0,"148":0,"149":0,"150":0,"151":0,"152":0,"153":0,"154":0,"155":0,"156":0,"157":0,"158":0,"159":0,"160":1,"161":0,"162":0,"163":0,"164":0,"165":0,"166":0,"167":0,"168":0,"169":0,"170":0,"171":0,"172":0,"173":0,"174":0,"175":0,"176":0,"177":0,"178":0,"179":0,"180":0,"181":0,"182":0,"183":1,"184":0,"185":0,"186":0,"187":0,"188":0,"189":0,"190":0,"191":1,"192":0,"193":0,"194":0,"195":0,"196":0,"197":0,"198":0,"199":0,"200":0,"201":0,"202":0,"203":0,"204":0,"205":1,"206":0,"207":0,"208":0,"209":0,"210":0,"211":0,"212":0,"213":0,"214":0,"215":0,"216":0},"f":{"0":6,"1":6,"2":0,"3":0,"4":0,"5":0,"6":0,"7":0,"8":0,"9":0,"10":0,"11":0,"12":0,"13":0,"14":0,"15":0,"16":0,"17":0,"18":0,"19":0,"20":0,"21":0,"22":0,"23":0,"24":0,"25":0,"26":0},"b":{"0":[1],"1":[1],"2":[0],"3":[4,4],"4":[0],"5":[0],"6":[0],"7":[0,0],"8":[0],"9":[0],"10":[0,0],"11":[0],"12":[0],"13":[0,0],"14":[0],"15":[0],"16":[0],"17":[0],"18":[0],"19":[0],"20":[0],"21":[0,0],"22":[0],"23":[0],"24":[0],"25":[0],"26":[0],"27":[0,0],"28":[0],"29":[0,0],"30":[0],"31":[0],"32":[0,0],"33":[0],"34":[0,0],"35":[0],"36":[0],"37":[0],"38":[0,0],"39":[0,0],"40":[0,0],"41":[0],"42":[0,0],"43":[0,0],"44":[0],"45":[0,0]}}
,"C:\\Users\\ghisl\\OneDrive\\Documents\\cameroonian-food-recipe\\Traditional-Food-Receipy-Application\\backend\\media-service\\src\\models\\Media.ts": {"path":"C:\\Users\\ghisl\\OneDrive\\Documents\\cameroonian-food-recipe\\Traditional-Food-Receipy-Application\\backend\\media-service\\src\\models\\Media.ts","statementMap":{"0":{"start":{"line":1,"column":0},"end":{"line":1,"column":54}},"1":{"start":{"line":19,"column":28},"end":{"line":45,"column":null}},"2":{"start":{"line":49,"column":0},"end":{"line":49,"column":44}},"3":{"start":{"line":50,"column":0},"end":{"line":50,"column":37}},"4":{"start":{"line":51,"column":0},"end":{"line":51,"column":33}},"5":{"start":{"line":52,"column":0},"end":{"line":52,"column":37}},"6":{"start":{"line":54,"column":0},"end":{"line":54,"column":60}}},"fnMap":{},"branchMap":{},"s":{"0":1,"1":1,"2":1,"3":1,"4":1,"5":1,"6":1},"f":{},"b":{}}
,"C:\\Users\\ghisl\\OneDrive\\Documents\\cameroonian-food-recipe\\Traditional-Food-Receipy-Application\\backend\\media-service\\src\\utils\\CustomError.ts": {"path":"C:\\Users\\ghisl\\OneDrive\\Documents\\cameroonian-food-recipe\\Traditional-Food-Receipy-Application\\backend\\media-service\\src\\utils\\CustomError.ts","statementMap":{"0":{"start":{"line":7,"column":4},"end":{"line":7,"column":19}},"1":{"start":{"line":8,"column":4},"end":{"line":8,"column":33}},"2":{"start":{"line":9,"column":4},"end":{"line":9,"column":69}},"3":{"start":{"line":10,"column":4},"end":{"line":10,"column":30}},"4":{"start":{"line":12,"column":4},"end":{"line":12,"column":52}},"5":{"start":{"line":16,"column":0},"end":{"line":16,"column":27}}},"fnMap":{"0":{"name":"(anonymous_0)","decl":{"start":{"line":6,"column":2},"end":{"line":6,"column":14}},"loc":{"start":{"line":6,"column":49},"end":{"line":13,"column":3}}}},"branchMap":{"0":{"loc":{"start":{"line":9,"column":18},"end":{"line":9,"column":68}},"type":"cond-expr","locations":[{"start":{"line":9,"column":52},"end":{"line":9,"column":58}},{"start":{"line":9,"column":61},"end":{"line":9,"column":68}}]}},"s":{"0":5,"1":5,"2":5,"3":5,"4":5,"5":1},"f":{"0":5},"b":{"0":[2,3]}}
,"C:\\Users\\ghisl\\OneDrive\\Documents\\cameroonian-food-recipe\\Traditional-Food-Receipy-Application\\backend\\media-service\\src\\utils\\asyncHandler.ts": {"path":"C:\\Users\\ghisl\\OneDrive\\Documents\\cameroonian-food-recipe\\Traditional-Food-Receipy-Application\\backend\\media-service\\src\\utils\\asyncHandler.ts","statementMap":{"0":{"start":{"line":5,"column":21},"end":{"line":9,"column":1}},"1":{"start":{"line":6,"column":2},"end":{"line":8,"column":4}},"2":{"start":{"line":7,"column":4},"end":{"line":7,"column":35}},"3":{"start":{"line":11,"column":0},"end":{"line":11,"column":28}}},"fnMap":{"0":{"name":"(anonymous_0)","decl":{"start":{"line":5,"column":21},"end":{"line":5,"column":22}},"loc":{"start":{"line":5,"column":43},"end":{"line":9,"column":1}}},"1":{"name":"(anonymous_1)","decl":{"start":{"line":6,"column":9},"end":{"line":6,"column":10}},"loc":{"start":{"line":6,"column":61},"end":{"line":8,"column":3}}}},"branchMap":{},"s":{"0":1,"1":11,"2":6,"3":1},"f":{"0":11,"1":6},"b":{}}
}
