TN:
SF:src\controllers\mediaController.ts
FN:18,(anonymous_8)
FN:18,(anonymous_9)
FN:85,(anonymous_10)
FN:85,(anonymous_11)
FN:153,(anonymous_12)
FN:153,(anonymous_13)
FN:200,(anonymous_14)
FN:215,(anonymous_15)
FN:215,(anonymous_16)
FN:239,(anonymous_17)
FN:239,(anonymous_18)
FN:307,(anonymous_19)
FN:307,(anonymous_20)
FN:330,(anonymous_21)
FN:330,(anonymous_22)
FN:383,(anonymous_23)
FN:432,(anonymous_24)
FN:432,(anonymous_25)
FN:501,(anonymous_26)
FN:501,(anonymous_27)
FN:528,(anonymous_28)
FN:528,(anonymous_29)
FN:561,(anonymous_30)
FN:561,(anonymous_31)
FN:596,(anonymous_32)
FN:597,(anonymous_33)
FN:598,(anonymous_34)
FNF:27
FNH:2
FNDA:6,(anonymous_8)
FNDA:6,(anonymous_9)
FNDA:0,(anonymous_10)
FNDA:0,(anonymous_11)
FNDA:0,(anonymous_12)
FNDA:0,(anonymous_13)
FNDA:0,(anonymous_14)
FNDA:0,(anonymous_15)
FNDA:0,(anonymous_16)
FNDA:0,(anonymous_17)
FNDA:0,(anonymous_18)
FNDA:0,(anonymous_19)
FNDA:0,(anonymous_20)
FNDA:0,(anonymous_21)
FNDA:0,(anonymous_22)
FNDA:0,(anonymous_23)
FNDA:0,(anonymous_24)
FNDA:0,(anonymous_25)
FNDA:0,(anonymous_26)
FNDA:0,(anonymous_27)
FNDA:0,(anonymous_28)
FNDA:0,(anonymous_29)
FNDA:0,(anonymous_30)
FNDA:0,(anonymous_31)
FNDA:0,(anonymous_32)
FNDA:0,(anonymous_33)
FNDA:0,(anonymous_34)
DA:2,1
DA:3,1
DA:5,1
DA:6,1
DA:7,1
DA:8,1
DA:9,1
DA:10,1
DA:11,1
DA:12,1
DA:18,6
DA:19,6
DA:20,1
DA:22,5
DA:23,1
DA:25,4
DA:26,0
DA:29,4
DA:30,4
DA:31,4
DA:32,4
DA:34,4
DA:35,4
DA:40,3
DA:42,3
DA:53,3
DA:55,2
DA:57,2
DA:69,2
DA:70,2
DA:72,1
DA:79,3
DA:80,3
DA:85,1
DA:86,0
DA:87,0
DA:90,0
DA:91,0
DA:94,0
DA:95,0
DA:98,0
DA:99,0
DA:100,0
DA:102,0
DA:104,0
DA:109,0
DA:111,0
DA:122,0
DA:124,0
DA:126,0
DA:138,0
DA:140,0
DA:147,0
DA:148,0
DA:153,1
DA:154,0
DA:156,0
DA:157,0
DA:160,0
DA:161,0
DA:164,0
DA:166,0
DA:167,0
DA:171,0
DA:172,0
DA:174,0
DA:175,0
DA:178,0
DA:180,0
DA:184,0
DA:187,0
DA:190,0
DA:197,0
DA:198,0
DA:199,0
DA:200,0
DA:201,0
DA:204,0
DA:210,0
DA:215,1
DA:216,0
DA:218,0
DA:220,0
DA:221,0
DA:224,0
DA:225,0
DA:228,0
DA:229,0
DA:235,0
DA:239,1
DA:240,0
DA:241,0
DA:244,0
DA:245,0
DA:248,0
DA:249,0
DA:252,0
DA:253,0
DA:254,0
DA:255,0
DA:257,0
DA:260,0
DA:261,0
DA:263,0
DA:274,0
DA:276,0
DA:278,0
DA:290,0
DA:292,0
DA:299,0
DA:302,0
DA:307,1
DA:308,0
DA:309,0
DA:311,0
DA:312,0
DA:315,0
DA:316,0
DA:319,0
DA:320,0
DA:326,0
DA:330,1
DA:331,0
DA:332,0
DA:333,0
DA:335,0
DA:336,0
DA:339,0
DA:340,0
DA:341,0
DA:343,0
DA:344,0
DA:347,0
DA:348,0
DA:351,0
DA:362,0
DA:364,0
DA:368,0
DA:370,0
DA:371,0
DA:373,0
DA:376,0
DA:384,0
DA:386,0
DA:394,0
DA:396,0
DA:398,0
DA:413,0
DA:415,0
DA:422,0
DA:424,0
DA:425,0
DA:427,0
DA:432,1
DA:433,0
DA:434,0
DA:437,0
DA:440,0
DA:443,0
DA:444,0
DA:447,0
DA:448,0
DA:449,0
DA:450,0
DA:452,0
DA:453,0
DA:455,0
DA:457,0
DA:468,0
DA:470,0
DA:472,0
DA:484,0
DA:486,0
DA:493,0
DA:494,0
DA:501,1
DA:503,0
DA:504,0
DA:505,0
DA:507,0
DA:512,0
DA:514,0
DA:528,1
DA:531,0
DA:532,0
DA:534,0
DA:536,0
DA:537,0
DA:541,0
DA:542,0
DA:543,0
DA:544,0
DA:545,0
DA:551,0
DA:553,0
DA:561,1
DA:564,0
DA:566,0
DA:571,0
DA:576,0
DA:584,0
DA:587,0
DA:590,0
DA:596,0
DA:597,0
DA:598,0
LF:206
LH:42
BRDA:19,0,0,1
BRDA:22,1,0,1
BRDA:25,2,0,0
BRDA:25,3,0,4
BRDA:25,3,1,4
BRDA:86,4,0,0
BRDA:90,5,0,0
BRDA:94,6,0,0
BRDA:94,7,0,0
BRDA:94,7,1,0
BRDA:156,8,0,0
BRDA:160,9,0,0
BRDA:160,10,0,0
BRDA:160,10,1,0
BRDA:166,11,0,0
BRDA:174,12,0,0
BRDA:174,13,0,0
BRDA:174,13,1,0
BRDA:198,14,0,0
BRDA:220,15,0,0
BRDA:224,16,0,0
BRDA:228,17,0,0
BRDA:240,18,0,0
BRDA:244,19,0,0
BRDA:248,20,0,0
BRDA:248,21,0,0
BRDA:248,21,1,0
BRDA:311,22,0,0
BRDA:315,23,0,0
BRDA:319,24,0,0
BRDA:332,25,0,0
BRDA:335,26,0,0
BRDA:335,27,0,0
BRDA:335,27,1,0
BRDA:340,28,0,0
BRDA:340,29,0,0
BRDA:340,29,1,0
BRDA:343,30,0,0
BRDA:370,31,0,0
BRDA:370,32,0,0
BRDA:370,32,1,0
BRDA:424,33,0,0
BRDA:425,34,0,0
BRDA:425,34,1,0
BRDA:433,35,0,0
BRDA:437,36,0,0
BRDA:443,37,0,0
BRDA:443,38,0,0
BRDA:443,38,1,0
BRDA:503,39,0,0
BRDA:503,39,1,0
BRDA:504,40,0,0
BRDA:504,40,1,0
BRDA:536,41,0,0
BRDA:542,42,0,0
BRDA:542,42,1,0
BRDA:542,43,0,0
BRDA:542,43,1,0
BRDA:544,44,0,0
BRDA:587,45,0,0
BRDA:587,45,1,0
BRF:61
BRH:4
end_of_record
TN:
SF:src\models\Media.ts
FNF:0
FNH:0
DA:1,1
DA:19,1
DA:49,1
DA:50,1
DA:51,1
DA:52,1
DA:54,1
LF:7
LH:7
BRF:0
BRH:0
end_of_record
TN:
SF:src\utils\CustomError.ts
FN:6,(anonymous_0)
FNF:1
FNH:1
FNDA:5,(anonymous_0)
DA:7,5
DA:8,5
DA:9,5
DA:10,5
DA:12,5
DA:16,1
LF:6
LH:6
BRDA:9,0,0,2
BRDA:9,0,1,3
BRF:2
BRH:2
end_of_record
TN:
SF:src\utils\asyncHandler.ts
FN:5,(anonymous_0)
FN:6,(anonymous_1)
FNF:2
FNH:2
FNDA:11,(anonymous_0)
FNDA:6,(anonymous_1)
DA:5,1
DA:6,11
DA:7,6
DA:11,1
LF:4
LH:4
BRF:0
BRH:0
end_of_record
