{"C:\\Users\\ghisl\\OneDrive\\Documents\\cameroonian-food-recipe\\Traditional-Food-Receipy-Application\\backend\\review-service\\src\\controllers\\reviewController.ts": {"path":"C:\\Users\\ghisl\\OneDrive\\Documents\\cameroonian-food-recipe\\Traditional-Food-Receipy-Application\\backend\\review-service\\src\\controllers\\reviewController.ts","statementMap":{"0":{"start":{"line":2,"column":0},"end":{"line":2,"column":49}},"1":{"start":{"line":3,"column":0},"end":{"line":3,"column":56}},"2":{"start":{"line":4,"column":0},"end":{"line":4,"column":33}},"3":{"start":{"line":5,"column":0},"end":{"line":5,"column":47}},"4":{"start":{"line":11,"column":13},"end":{"line":33,"column":3}},"5":{"start":{"line":11,"column":84},"end":{"line":33,"column":2}},"6":{"start":{"line":12,"column":40},"end":{"line":12,"column":48}},"7":{"start":{"line":13,"column":17},"end":{"line":13,"column":29}},"8":{"start":{"line":17,"column":39},"end":{"line":21,"column":4}},"9":{"start":{"line":22,"column":2},"end":{"line":24,"column":3}},"10":{"start":{"line":23,"column":4},"end":{"line":23,"column":33}},"11":{"start":{"line":26,"column":20},"end":{"line":26,"column":56}},"12":{"start":{"line":28,"column":2},"end":{"line":32,"column":5}},"13":{"start":{"line":38,"column":13},"end":{"line":73,"column":3}},"14":{"start":{"line":38,"column":86},"end":{"line":73,"column":2}},"15":{"start":{"line":39,"column":23},"end":{"line":39,"column":33}},"16":{"start":{"line":40,"column":13},"end":{"line":40,"column":40}},"17":{"start":{"line":41,"column":14},"end":{"line":41,"column":43}},"18":{"start":{"line":45,"column":2},"end":{"line":45,"column":39}},"19":{"start":{"line":46,"column":2},"end":{"line":46,"column":56}},"20":{"start":{"line":48,"column":15},"end":{"line":48,"column":33}},"21":{"start":{"line":50,"column":16},"end":{"line":50,"column":58}},"22":{"start":{"line":52,"column":18},"end":{"line":55,"column":17}},"23":{"start":{"line":57,"column":23},"end":{"line":57,"column":62}},"24":{"start":{"line":58,"column":21},"end":{"line":58,"column":52}},"25":{"start":{"line":60,"column":2},"end":{"line":62,"column":3}},"26":{"start":{"line":61,"column":4},"end":{"line":61,"column":66}},"27":{"start":{"line":64,"column":2},"end":{"line":72,"column":5}},"28":{"start":{"line":78,"column":13},"end":{"line":93,"column":3}},"29":{"start":{"line":78,"column":80},"end":{"line":93,"column":2}},"30":{"start":{"line":79,"column":17},"end":{"line":79,"column":27}},"31":{"start":{"line":82,"column":17},"end":{"line":82,"column":47}},"32":{"start":{"line":84,"column":2},"end":{"line":86,"column":3}},"33":{"start":{"line":85,"column":4},"end":{"line":85,"column":52}},"34":{"start":{"line":88,"column":2},"end":{"line":92,"column":5}},"35":{"start":{"line":98,"column":13},"end":{"line":125,"column":3}},"36":{"start":{"line":98,"column":84},"end":{"line":125,"column":2}},"37":{"start":{"line":99,"column":17},"end":{"line":99,"column":27}},"38":{"start":{"line":100,"column":30},"end":{"line":100,"column":38}},"39":{"start":{"line":101,"column":27},"end":{"line":101,"column":39}},"40":{"start":{"line":105,"column":17},"end":{"line":105,"column":47}},"41":{"start":{"line":107,"column":2},"end":{"line":109,"column":3}},"42":{"start":{"line":108,"column":4},"end":{"line":108,"column":52}},"43":{"start":{"line":111,"column":2},"end":{"line":113,"column":3}},"44":{"start":{"line":112,"column":4},"end":{"line":112,"column":72}},"45":{"start":{"line":115,"column":2},"end":{"line":115,"column":51}},"46":{"start":{"line":115,"column":28},"end":{"line":115,"column":51}},"47":{"start":{"line":116,"column":2},"end":{"line":116,"column":54}},"48":{"start":{"line":116,"column":29},"end":{"line":116,"column":54}},"49":{"start":{"line":118,"column":24},"end":{"line":118,"column":43}},"50":{"start":{"line":120,"column":2},"end":{"line":124,"column":5}},"51":{"start":{"line":130,"column":13},"end":{"line":157,"column":3}},"52":{"start":{"line":130,"column":84},"end":{"line":157,"column":2}},"53":{"start":{"line":131,"column":17},"end":{"line":131,"column":27}},"54":{"start":{"line":132,"column":27},"end":{"line":132,"column":39}},"55":{"start":{"line":133,"column":30},"end":{"line":133,"column":45}},"56":{"start":{"line":137,"column":17},"end":{"line":137,"column":47}},"57":{"start":{"line":139,"column":2},"end":{"line":141,"column":3}},"58":{"start":{"line":140,"column":4},"end":{"line":140,"column":52}},"59":{"start":{"line":143,"column":18},"end":{"line":143,"column":55}},"60":{"start":{"line":144,"column":18},"end":{"line":144,"column":63}},"61":{"start":{"line":146,"column":2},"end":{"line":148,"column":3}},"62":{"start":{"line":147,"column":4},"end":{"line":147,"column":72}},"63":{"start":{"line":150,"column":2},"end":{"line":150,"column":42}},"64":{"start":{"line":152,"column":2},"end":{"line":156,"column":5}},"65":{"start":{"line":162,"column":13},"end":{"line":195,"column":3}},"66":{"start":{"line":162,"column":83},"end":{"line":195,"column":2}},"67":{"start":{"line":163,"column":21},"end":{"line":163,"column":31}},"68":{"start":{"line":164,"column":13},"end":{"line":164,"column":40}},"69":{"start":{"line":165,"column":14},"end":{"line":165,"column":43}},"70":{"start":{"line":167,"column":2},"end":{"line":167,"column":39}},"71":{"start":{"line":168,"column":2},"end":{"line":168,"column":56}},"72":{"start":{"line":170,"column":15},"end":{"line":170,"column":33}},"73":{"start":{"line":172,"column":16},"end":{"line":172,"column":54}},"74":{"start":{"line":174,"column":18},"end":{"line":177,"column":17}},"75":{"start":{"line":179,"column":23},"end":{"line":179,"column":62}},"76":{"start":{"line":180,"column":21},"end":{"line":180,"column":52}},"77":{"start":{"line":182,"column":2},"end":{"line":184,"column":3}},"78":{"start":{"line":183,"column":4},"end":{"line":183,"column":89}},"79":{"start":{"line":186,"column":2},"end":{"line":194,"column":5}}},"fnMap":{"0":{"name":"(anonymous_8)","decl":{"start":{"line":11,"column":41},"end":{"line":11,"column":48}},"loc":{"start":{"line":11,"column":84},"end":{"line":33,"column":2}}},"1":{"name":"(anonymous_9)","decl":{"start":{"line":11,"column":84},"end":{"line":11,"column":null}},"loc":{"start":{"line":11,"column":84},"end":{"line":33,"column":1}}},"2":{"name":"(anonymous_10)","decl":{"start":{"line":38,"column":48},"end":{"line":38,"column":55}},"loc":{"start":{"line":38,"column":86},"end":{"line":73,"column":2}}},"3":{"name":"(anonymous_11)","decl":{"start":{"line":38,"column":86},"end":{"line":38,"column":null}},"loc":{"start":{"line":38,"column":86},"end":{"line":73,"column":1}}},"4":{"name":"(anonymous_12)","decl":{"start":{"line":78,"column":42},"end":{"line":78,"column":49}},"loc":{"start":{"line":78,"column":80},"end":{"line":93,"column":2}}},"5":{"name":"(anonymous_13)","decl":{"start":{"line":78,"column":80},"end":{"line":78,"column":null}},"loc":{"start":{"line":78,"column":80},"end":{"line":93,"column":1}}},"6":{"name":"(anonymous_14)","decl":{"start":{"line":98,"column":41},"end":{"line":98,"column":48}},"loc":{"start":{"line":98,"column":84},"end":{"line":125,"column":2}}},"7":{"name":"(anonymous_15)","decl":{"start":{"line":98,"column":84},"end":{"line":98,"column":null}},"loc":{"start":{"line":98,"column":84},"end":{"line":125,"column":1}}},"8":{"name":"(anonymous_16)","decl":{"start":{"line":130,"column":41},"end":{"line":130,"column":48}},"loc":{"start":{"line":130,"column":84},"end":{"line":157,"column":2}}},"9":{"name":"(anonymous_17)","decl":{"start":{"line":130,"column":84},"end":{"line":130,"column":null}},"loc":{"start":{"line":130,"column":84},"end":{"line":157,"column":1}}},"10":{"name":"(anonymous_18)","decl":{"start":{"line":162,"column":45},"end":{"line":162,"column":52}},"loc":{"start":{"line":162,"column":83},"end":{"line":195,"column":2}}},"11":{"name":"(anonymous_19)","decl":{"start":{"line":162,"column":83},"end":{"line":162,"column":null}},"loc":{"start":{"line":162,"column":83},"end":{"line":195,"column":1}}}},"branchMap":{"0":{"loc":{"start":{"line":22,"column":2},"end":{"line":24,"column":3}},"type":"if","locations":[{"start":{"line":22,"column":2},"end":{"line":24,"column":3}}]},"1":{"loc":{"start":{"line":40,"column":13},"end":{"line":40,"column":40}},"type":"binary-expr","locations":[{"start":{"line":40,"column":13},"end":{"line":40,"column":35}},{"start":{"line":40,"column":39},"end":{"line":40,"column":40}}]},"2":{"loc":{"start":{"line":41,"column":14},"end":{"line":41,"column":43}},"type":"binary-expr","locations":[{"start":{"line":41,"column":14},"end":{"line":41,"column":37}},{"start":{"line":41,"column":41},"end":{"line":41,"column":43}}]},"3":{"loc":{"start":{"line":60,"column":2},"end":{"line":62,"column":3}},"type":"if","locations":[{"start":{"line":60,"column":2},"end":{"line":62,"column":3}}]},"4":{"loc":{"start":{"line":60,"column":6},"end":{"line":60,"column":33}},"type":"binary-expr","locations":[{"start":{"line":60,"column":6},"end":{"line":60,"column":21}},{"start":{"line":60,"column":25},"end":{"line":60,"column":33}}]},"5":{"loc":{"start":{"line":84,"column":2},"end":{"line":86,"column":3}},"type":"if","locations":[{"start":{"line":84,"column":2},"end":{"line":86,"column":3}}]},"6":{"loc":{"start":{"line":107,"column":2},"end":{"line":109,"column":3}},"type":"if","locations":[{"start":{"line":107,"column":2},"end":{"line":109,"column":3}}]},"7":{"loc":{"start":{"line":111,"column":2},"end":{"line":113,"column":3}},"type":"if","locations":[{"start":{"line":111,"column":2},"end":{"line":113,"column":3}}]},"8":{"loc":{"start":{"line":115,"column":2},"end":{"line":115,"column":51}},"type":"if","locations":[{"start":{"line":115,"column":2},"end":{"line":115,"column":51}}]},"9":{"loc":{"start":{"line":116,"column":2},"end":{"line":116,"column":54}},"type":"if","locations":[{"start":{"line":116,"column":2},"end":{"line":116,"column":54}}]},"10":{"loc":{"start":{"line":139,"column":2},"end":{"line":141,"column":3}},"type":"if","locations":[{"start":{"line":139,"column":2},"end":{"line":141,"column":3}}]},"11":{"loc":{"start":{"line":146,"column":2},"end":{"line":148,"column":3}},"type":"if","locations":[{"start":{"line":146,"column":2},"end":{"line":148,"column":3}}]},"12":{"loc":{"start":{"line":146,"column":6},"end":{"line":146,"column":26}},"type":"binary-expr","locations":[{"start":{"line":146,"column":6},"end":{"line":146,"column":14}},{"start":{"line":146,"column":18},"end":{"line":146,"column":26}}]},"13":{"loc":{"start":{"line":164,"column":13},"end":{"line":164,"column":40}},"type":"binary-expr","locations":[{"start":{"line":164,"column":13},"end":{"line":164,"column":35}},{"start":{"line":164,"column":39},"end":{"line":164,"column":40}}]},"14":{"loc":{"start":{"line":165,"column":14},"end":{"line":165,"column":43}},"type":"binary-expr","locations":[{"start":{"line":165,"column":14},"end":{"line":165,"column":37}},{"start":{"line":165,"column":41},"end":{"line":165,"column":43}}]},"15":{"loc":{"start":{"line":182,"column":2},"end":{"line":184,"column":3}},"type":"if","locations":[{"start":{"line":182,"column":2},"end":{"line":184,"column":3}}]},"16":{"loc":{"start":{"line":182,"column":6},"end":{"line":182,"column":33}},"type":"binary-expr","locations":[{"start":{"line":182,"column":6},"end":{"line":182,"column":21}},{"start":{"line":182,"column":25},"end":{"line":182,"column":33}}]}},"s":{"0":1,"1":1,"2":1,"3":1,"4":1,"5":2,"6":2,"7":2,"8":2,"9":2,"10":2,"11":2,"12":1,"13":1,"14":2,"15":2,"16":2,"17":2,"18":2,"19":2,"20":2,"21":2,"22":2,"23":1,"24":1,"25":1,"26":0,"27":1,"28":1,"29":2,"30":2,"31":2,"32":2,"33":1,"34":1,"35":1,"36":3,"37":3,"38":3,"39":3,"40":3,"41":3,"42":1,"43":2,"44":1,"45":1,"46":1,"47":1,"48":1,"49":1,"50":1,"51":1,"52":4,"53":4,"54":4,"55":4,"56":4,"57":4,"58":1,"59":3,"60":3,"61":3,"62":1,"63":2,"64":2,"65":1,"66":1,"67":1,"68":1,"69":1,"70":1,"71":1,"72":1,"73":1,"74":1,"75":1,"76":1,"77":1,"78":0,"79":1},"f":{"0":2,"1":2,"2":2,"3":2,"4":2,"5":2,"6":3,"7":3,"8":4,"9":4,"10":1,"11":1},"b":{"0":[2],"1":[2,1],"2":[2,1],"3":[0],"4":[1,0],"5":[1],"6":[1],"7":[1],"8":[1],"9":[1],"10":[1],"11":[1],"12":[3,2],"13":[1,0],"14":[1,0],"15":[0],"16":[1,0]}}
,"C:\\Users\\ghisl\\OneDrive\\Documents\\cameroonian-food-recipe\\Traditional-Food-Receipy-Application\\backend\\review-service\\src\\middleware\\authMiddleware.ts": {"path":"C:\\Users\\ghisl\\OneDrive\\Documents\\cameroonian-food-recipe\\Traditional-Food-Receipy-Application\\backend\\review-service\\src\\middleware\\authMiddleware.ts","statementMap":{"0":{"start":{"line":16,"column":4},"end":{"line":16,"column":19}},"1":{"start":{"line":17,"column":4},"end":{"line":17,"column":33}},"2":{"start":{"line":18,"column":4},"end":{"line":18,"column":53}},"3":{"start":{"line":12,"column":0},"end":{"line":12,"column":13}},"4":{"start":{"line":23,"column":23},"end":{"line":37,"column":1}},"5":{"start":{"line":24,"column":17},"end":{"line":24,"column":51}},"6":{"start":{"line":25,"column":20},"end":{"line":25,"column":57}},"7":{"start":{"line":27,"column":2},"end":{"line":29,"column":3}},"8":{"start":{"line":28,"column":4},"end":{"line":28,"column":76}},"9":{"start":{"line":31,"column":2},"end":{"line":34,"column":4}},"10":{"start":{"line":33,"column":56},"end":{"line":33,"column":67}},"11":{"start":{"line":36,"column":2},"end":{"line":36,"column":9}},"12":{"start":{"line":23,"column":13},"end":{"line":23,"column":23}},"13":{"start":{"line":40,"column":25},"end":{"line":53,"column":1}},"14":{"start":{"line":41,"column":2},"end":{"line":52,"column":4}},"15":{"start":{"line":42,"column":4},"end":{"line":44,"column":5}},"16":{"start":{"line":43,"column":6},"end":{"line":43,"column":95}},"17":{"start":{"line":46,"column":28},"end":{"line":46,"column":84}},"18":{"start":{"line":46,"column":56},"end":{"line":46,"column":83}},"19":{"start":{"line":48,"column":4},"end":{"line":50,"column":5}},"20":{"start":{"line":49,"column":6},"end":{"line":49,"column":127}},"21":{"start":{"line":51,"column":4},"end":{"line":51,"column":11}},"22":{"start":{"line":40,"column":13},"end":{"line":40,"column":25}}},"fnMap":{"0":{"name":"(anonymous_0)","decl":{"start":{"line":15,"column":2},"end":{"line":15,"column":14}},"loc":{"start":{"line":15,"column":49},"end":{"line":19,"column":3}}},"1":{"name":"(anonymous_1)","decl":{"start":{"line":23,"column":23},"end":{"line":23,"column":24}},"loc":{"start":{"line":23,"column":80},"end":{"line":37,"column":1}}},"2":{"name":"(anonymous_2)","decl":{"start":{"line":33,"column":48},"end":{"line":33,"column":52}},"loc":{"start":{"line":33,"column":56},"end":{"line":33,"column":67}}},"3":{"name":"(anonymous_3)","decl":{"start":{"line":40,"column":25},"end":{"line":40,"column":26}},"loc":{"start":{"line":40,"column":52},"end":{"line":53,"column":1}}},"4":{"name":"(anonymous_4)","decl":{"start":{"line":41,"column":9},"end":{"line":41,"column":10}},"loc":{"start":{"line":41,"column":66},"end":{"line":52,"column":3}}},"5":{"name":"(anonymous_5)","decl":{"start":{"line":46,"column":48},"end":{"line":46,"column":52}},"loc":{"start":{"line":46,"column":56},"end":{"line":46,"column":83}}}},"branchMap":{"0":{"loc":{"start":{"line":27,"column":2},"end":{"line":29,"column":3}},"type":"if","locations":[{"start":{"line":27,"column":2},"end":{"line":29,"column":3}}]},"1":{"loc":{"start":{"line":33,"column":11},"end":{"line":33,"column":73}},"type":"cond-expr","locations":[{"start":{"line":33,"column":23},"end":{"line":33,"column":68}},{"start":{"line":33,"column":71},"end":{"line":33,"column":73}}]},"2":{"loc":{"start":{"line":42,"column":4},"end":{"line":44,"column":5}},"type":"if","locations":[{"start":{"line":42,"column":4},"end":{"line":44,"column":5}}]},"3":{"loc":{"start":{"line":42,"column":8},"end":{"line":42,"column":36}},"type":"binary-expr","locations":[{"start":{"line":42,"column":8},"end":{"line":42,"column":17}},{"start":{"line":42,"column":21},"end":{"line":42,"column":36}}]},"4":{"loc":{"start":{"line":48,"column":4},"end":{"line":50,"column":5}},"type":"if","locations":[{"start":{"line":48,"column":4},"end":{"line":50,"column":5}}]}},"s":{"0":7,"1":7,"2":7,"3":2,"4":2,"5":4,"6":4,"7":4,"8":1,"9":3,"10":2,"11":3,"12":2,"13":2,"14":6,"15":6,"16":2,"17":4,"18":3,"19":4,"20":2,"21":2,"22":2},"f":{"0":7,"1":4,"2":2,"3":6,"4":6,"5":3},"b":{"0":[1],"1":[1,2],"2":[2],"3":[6,5],"4":[2]}}
,"C:\\Users\\ghisl\\OneDrive\\Documents\\cameroonian-food-recipe\\Traditional-Food-Receipy-Application\\backend\\review-service\\src\\middleware\\validationMiddleware.ts": {"path":"C:\\Users\\ghisl\\OneDrive\\Documents\\cameroonian-food-recipe\\Traditional-Food-Receipy-Application\\backend\\review-service\\src\\middleware\\validationMiddleware.ts","statementMap":{"0":{"start":{"line":2,"column":0},"end":{"line":2,"column":90}},"1":{"start":{"line":5,"column":38},"end":{"line":12,"column":1}},"2":{"start":{"line":6,"column":17},"end":{"line":6,"column":38}},"3":{"start":{"line":7,"column":2},"end":{"line":10,"column":3}},"4":{"start":{"line":8,"column":4},"end":{"line":8,"column":99}},"5":{"start":{"line":9,"column":4},"end":{"line":9,"column":11}},"6":{"start":{"line":11,"column":2},"end":{"line":11,"column":9}},"7":{"start":{"line":5,"column":13},"end":{"line":5,"column":38}},"8":{"start":{"line":15,"column":13},"end":{"line":27,"column":2}},"9":{"start":{"line":30,"column":13},"end":{"line":46,"column":2}},"10":{"start":{"line":41,"column":4},"end":{"line":43,"column":5}},"11":{"start":{"line":42,"column":6},"end":{"line":42,"column":93}},"12":{"start":{"line":44,"column":4},"end":{"line":44,"column":16}},"13":{"start":{"line":49,"column":36},"end":{"line":52,"column":1}},"14":{"start":{"line":50,"column":2},"end":{"line":51,"column":91}},"15":{"start":{"line":49,"column":13},"end":{"line":49,"column":36}},"16":{"start":{"line":55,"column":13},"end":{"line":64,"column":2}}},"fnMap":{"0":{"name":"(anonymous_0)","decl":{"start":{"line":5,"column":38},"end":{"line":5,"column":39}},"loc":{"start":{"line":5,"column":90},"end":{"line":12,"column":1}}},"1":{"name":"(anonymous_1)","decl":{"start":{"line":40,"column":16},"end":{"line":40,"column":17}},"loc":{"start":{"line":40,"column":35},"end":{"line":45,"column":3}}},"2":{"name":"(anonymous_2)","decl":{"start":{"line":49,"column":36},"end":{"line":49,"column":37}},"loc":{"start":{"line":49,"column":75},"end":{"line":52,"column":1}}}},"branchMap":{"0":{"loc":{"start":{"line":7,"column":2},"end":{"line":10,"column":3}},"type":"if","locations":[{"start":{"line":7,"column":2},"end":{"line":10,"column":3}}]},"1":{"loc":{"start":{"line":41,"column":4},"end":{"line":43,"column":5}},"type":"if","locations":[{"start":{"line":41,"column":4},"end":{"line":43,"column":5}}]},"2":{"loc":{"start":{"line":41,"column":8},"end":{"line":41,"column":71}},"type":"binary-expr","locations":[{"start":{"line":41,"column":8},"end":{"line":41,"column":37}},{"start":{"line":41,"column":41},"end":{"line":41,"column":71}}]}},"s":{"0":2,"1":2,"2":25,"3":25,"4":10,"5":10,"6":15,"7":2,"8":2,"9":2,"10":5,"11":1,"12":4,"13":2,"14":8,"15":2,"16":2},"f":{"0":25,"1":5,"2":8},"b":{"0":[10],"1":[1],"2":[5,1]}}
,"C:\\Users\\ghisl\\OneDrive\\Documents\\cameroonian-food-recipe\\Traditional-Food-Receipy-Application\\backend\\review-service\\src\\models\\Review.ts": {"path":"C:\\Users\\ghisl\\OneDrive\\Documents\\cameroonian-food-recipe\\Traditional-Food-Receipy-Application\\backend\\review-service\\src\\models\\Review.ts","statementMap":{"0":{"start":{"line":1,"column":0},"end":{"line":1,"column":61}},"1":{"start":{"line":11,"column":21},"end":{"line":40,"column":null}},"2":{"start":{"line":44,"column":0},"end":{"line":44,"column":36}},"3":{"start":{"line":45,"column":0},"end":{"line":45,"column":34}},"4":{"start":{"line":46,"column":0},"end":{"line":46,"column":65}},"5":{"start":{"line":47,"column":0},"end":{"line":47,"column":34}},"6":{"start":{"line":49,"column":20},"end":{"line":49,"column":67}},"7":{"start":{"line":51,"column":0},"end":{"line":51,"column":27}}},"fnMap":{},"branchMap":{},"s":{"0":1,"1":1,"2":1,"3":1,"4":1,"5":1,"6":1,"7":1},"f":{},"b":{}}
,"C:\\Users\\ghisl\\OneDrive\\Documents\\cameroonian-food-recipe\\Traditional-Food-Receipy-Application\\backend\\review-service\\src\\routes\\reviewRoutes.ts": {"path":"C:\\Users\\ghisl\\OneDrive\\Documents\\cameroonian-food-recipe\\Traditional-Food-Receipy-Application\\backend\\review-service\\src\\routes\\reviewRoutes.ts","statementMap":{"0":{"start":{"line":1,"column":0},"end":{"line":1,"column":30}},"1":{"start":{"line":2,"column":0},"end":{"line":2,"column":null}},"2":{"start":{"line":10,"column":0},"end":{"line":10,"column":55}},"3":{"start":{"line":12,"column":0},"end":{"line":12,"column":null}},"4":{"start":{"line":20,"column":15},"end":{"line":20,"column":31}},"5":{"start":{"line":23,"column":0},"end":{"line":29,"column":2}},"6":{"start":{"line":32,"column":0},"end":{"line":38,"column":2}},"7":{"start":{"line":41,"column":0},"end":{"line":47,"column":2}},"8":{"start":{"line":50,"column":0},"end":{"line":55,"column":2}},"9":{"start":{"line":58,"column":0},"end":{"line":65,"column":2}},"10":{"start":{"line":68,"column":0},"end":{"line":75,"column":2}},"11":{"start":{"line":77,"column":0},"end":{"line":77,"column":22}}},"fnMap":{},"branchMap":{},"s":{"0":1,"1":1,"2":1,"3":1,"4":1,"5":1,"6":1,"7":1,"8":1,"9":1,"10":1,"11":1},"f":{},"b":{}}
,"C:\\Users\\ghisl\\OneDrive\\Documents\\cameroonian-food-recipe\\Traditional-Food-Receipy-Application\\backend\\review-service\\src\\utils\\CustomError.ts": {"path":"C:\\Users\\ghisl\\OneDrive\\Documents\\cameroonian-food-recipe\\Traditional-Food-Receipy-Application\\backend\\review-service\\src\\utils\\CustomError.ts","statementMap":{"0":{"start":{"line":5,"column":4},"end":{"line":5,"column":19}},"1":{"start":{"line":6,"column":4},"end":{"line":6,"column":33}},"2":{"start":{"line":7,"column":4},"end":{"line":7,"column":55}},"3":{"start":{"line":11,"column":0},"end":{"line":11,"column":27}}},"fnMap":{"0":{"name":"(anonymous_0)","decl":{"start":{"line":4,"column":2},"end":{"line":4,"column":14}},"loc":{"start":{"line":4,"column":49},"end":{"line":8,"column":3}}}},"branchMap":{},"s":{"0":5,"1":5,"2":5,"3":1},"f":{"0":5},"b":{}}
,"C:\\Users\\ghisl\\OneDrive\\Documents\\cameroonian-food-recipe\\Traditional-Food-Receipy-Application\\backend\\review-service\\src\\utils\\asyncHandler.ts": {"path":"C:\\Users\\ghisl\\OneDrive\\Documents\\cameroonian-food-recipe\\Traditional-Food-Receipy-Application\\backend\\review-service\\src\\utils\\asyncHandler.ts","statementMap":{"0":{"start":{"line":5,"column":21},"end":{"line":9,"column":1}},"1":{"start":{"line":6,"column":2},"end":{"line":8,"column":4}},"2":{"start":{"line":7,"column":4},"end":{"line":7,"column":35}},"3":{"start":{"line":11,"column":0},"end":{"line":11,"column":28}}},"fnMap":{"0":{"name":"(anonymous_0)","decl":{"start":{"line":5,"column":21},"end":{"line":5,"column":22}},"loc":{"start":{"line":5,"column":43},"end":{"line":9,"column":1}}},"1":{"name":"(anonymous_1)","decl":{"start":{"line":6,"column":9},"end":{"line":6,"column":10}},"loc":{"start":{"line":6,"column":61},"end":{"line":8,"column":3}}}},"branchMap":{},"s":{"0":1,"1":6,"2":14,"3":1},"f":{"0":6,"1":14},"b":{}}
}
