TN:
SF:src\controllers\reviewController.ts
FN:11,(anonymous_8)
FN:11,(anonymous_9)
FN:38,(anonymous_10)
FN:38,(anonymous_11)
FN:78,(anonymous_12)
FN:78,(anonymous_13)
FN:98,(anonymous_14)
FN:98,(anonymous_15)
FN:130,(anonymous_16)
FN:130,(anonymous_17)
FN:162,(anonymous_18)
FN:162,(anonymous_19)
FNF:12
FNH:12
FNDA:2,(anonymous_8)
FNDA:2,(anonymous_9)
FNDA:2,(anonymous_10)
FNDA:2,(anonymous_11)
FNDA:2,(anonymous_12)
FNDA:2,(anonymous_13)
FNDA:3,(anonymous_14)
FNDA:3,(anonymous_15)
FNDA:4,(anonymous_16)
FNDA:4,(anonymous_17)
FNDA:1,(anonymous_18)
FNDA:1,(anonymous_19)
DA:2,1
DA:3,1
DA:4,1
DA:5,1
DA:11,2
DA:12,2
DA:13,2
DA:17,2
DA:22,2
DA:23,2
DA:26,2
DA:28,1
DA:38,2
DA:39,2
DA:40,2
DA:41,2
DA:45,2
DA:46,2
DA:48,2
DA:50,2
DA:52,2
DA:57,1
DA:58,1
DA:60,1
DA:61,0
DA:64,1
DA:78,2
DA:79,2
DA:82,2
DA:84,2
DA:85,1
DA:88,1
DA:98,3
DA:99,3
DA:100,3
DA:101,3
DA:105,3
DA:107,3
DA:108,1
DA:111,2
DA:112,1
DA:115,1
DA:116,1
DA:118,1
DA:120,1
DA:130,4
DA:131,4
DA:132,4
DA:133,4
DA:137,4
DA:139,4
DA:140,1
DA:143,3
DA:144,3
DA:146,3
DA:147,1
DA:150,2
DA:152,2
DA:162,1
DA:163,1
DA:164,1
DA:165,1
DA:167,1
DA:168,1
DA:170,1
DA:172,1
DA:174,1
DA:179,1
DA:180,1
DA:182,1
DA:183,0
DA:186,1
LF:72
LH:70
BRDA:22,0,0,2
BRDA:40,1,0,2
BRDA:40,1,1,1
BRDA:41,2,0,2
BRDA:41,2,1,1
BRDA:60,3,0,0
BRDA:60,4,0,1
BRDA:60,4,1,0
BRDA:84,5,0,1
BRDA:107,6,0,1
BRDA:111,7,0,1
BRDA:115,8,0,1
BRDA:116,9,0,1
BRDA:139,10,0,1
BRDA:146,11,0,1
BRDA:146,12,0,3
BRDA:146,12,1,2
BRDA:164,13,0,1
BRDA:164,13,1,0
BRDA:165,14,0,1
BRDA:165,14,1,0
BRDA:182,15,0,0
BRDA:182,16,0,1
BRDA:182,16,1,0
BRF:24
BRH:18
end_of_record
TN:
SF:src\middleware\authMiddleware.ts
FN:15,(anonymous_0)
FN:23,(anonymous_1)
FN:33,(anonymous_2)
FN:40,(anonymous_3)
FN:41,(anonymous_4)
FN:46,(anonymous_5)
FNF:6
FNH:6
FNDA:7,(anonymous_0)
FNDA:4,(anonymous_1)
FNDA:2,(anonymous_2)
FNDA:6,(anonymous_3)
FNDA:6,(anonymous_4)
FNDA:3,(anonymous_5)
DA:12,2
DA:16,7
DA:17,7
DA:18,7
DA:23,2
DA:24,4
DA:25,4
DA:27,4
DA:28,1
DA:31,3
DA:33,2
DA:36,3
DA:40,2
DA:41,6
DA:42,6
DA:43,2
DA:46,4
DA:48,4
DA:49,2
DA:51,2
LF:20
LH:20
BRDA:27,0,0,1
BRDA:33,1,0,1
BRDA:33,1,1,2
BRDA:42,2,0,2
BRDA:42,3,0,6
BRDA:42,3,1,5
BRDA:48,4,0,2
BRF:7
BRH:7
end_of_record
TN:
SF:src\middleware\validationMiddleware.ts
FN:5,(anonymous_0)
FN:40,(anonymous_1)
FN:49,(anonymous_2)
FNF:3
FNH:3
FNDA:25,(anonymous_0)
FNDA:5,(anonymous_1)
FNDA:8,(anonymous_2)
DA:2,2
DA:5,2
DA:6,25
DA:7,25
DA:8,10
DA:9,10
DA:11,15
DA:15,2
DA:30,2
DA:41,5
DA:42,1
DA:44,4
DA:49,2
DA:50,8
DA:55,2
LF:15
LH:15
BRDA:7,0,0,10
BRDA:41,1,0,1
BRDA:41,2,0,5
BRDA:41,2,1,1
BRF:4
BRH:4
end_of_record
TN:
SF:src\models\Review.ts
FNF:0
FNH:0
DA:1,1
DA:11,1
DA:44,1
DA:45,1
DA:46,1
DA:47,1
DA:49,1
DA:51,1
LF:8
LH:8
BRF:0
BRH:0
end_of_record
TN:
SF:src\routes\reviewRoutes.ts
FNF:0
FNH:0
DA:1,1
DA:2,1
DA:10,1
DA:12,1
DA:20,1
DA:23,1
DA:32,1
DA:41,1
DA:50,1
DA:58,1
DA:68,1
DA:77,1
LF:12
LH:12
BRF:0
BRH:0
end_of_record
TN:
SF:src\utils\CustomError.ts
FN:4,(anonymous_0)
FNF:1
FNH:1
FNDA:5,(anonymous_0)
DA:5,5
DA:6,5
DA:7,5
DA:11,1
LF:4
LH:4
BRF:0
BRH:0
end_of_record
TN:
SF:src\utils\asyncHandler.ts
FN:5,(anonymous_0)
FN:6,(anonymous_1)
FNF:2
FNH:2
FNDA:6,(anonymous_0)
FNDA:14,(anonymous_1)
DA:5,1
DA:6,6
DA:7,14
DA:11,1
LF:4
LH:4
BRF:0
BRH:0
end_of_record
