<?xml version="1.0" encoding="UTF-8"?>
<coverage generated="1748637265174" clover="3.2.0">
  <project timestamp="1748637265174" name="All files">
    <metrics statements="23" coveredstatements="21" conditionals="8" coveredconditionals="7" methods="6" coveredmethods="6" elements="37" coveredelements="34" complexity="0" loc="23" ncloc="23" packages="1" files="1" classes="1"/>
    <file name="authMiddleware.ts" path="C:\Users\ghisl\OneDrive\Documents\cameroonian-food-recipe\Traditional-Food-Receipy-Application\backend\regional-service\src\middleware\authMiddleware.ts">
      <metrics statements="23" coveredstatements="21" conditionals="8" coveredconditionals="7" methods="6" coveredmethods="6"/>
      <line num="12" count="1" type="stmt"/>
      <line num="15" count="5" type="stmt"/>
      <line num="16" count="5" type="stmt"/>
      <line num="17" count="5" type="stmt"/>
      <line num="25" count="1" type="stmt"/>
      <line num="26" count="4" type="stmt"/>
      <line num="27" count="4" type="stmt"/>
      <line num="29" count="4" type="cond" truecount="3" falsecount="0"/>
      <line num="30" count="2" type="stmt"/>
      <line num="33" count="2" type="stmt"/>
      <line num="34" count="3" type="stmt"/>
      <line num="35" count="2" type="stmt"/>
      <line num="36" count="2" type="stmt"/>
      <line num="38" count="0" type="stmt"/>
      <line num="39" count="0" type="stmt"/>
      <line num="47" count="1" type="stmt"/>
      <line num="48" count="4" type="stmt"/>
      <line num="49" count="4" type="cond" truecount="3" falsecount="0"/>
      <line num="50" count="1" type="stmt"/>
      <line num="53" count="3" type="stmt"/>
      <line num="55" count="3" type="cond" truecount="1" falsecount="0"/>
      <line num="56" count="2" type="stmt"/>
      <line num="58" count="1" type="stmt"/>
    </file>
  </project>
</coverage>
