{"C:\\Users\\ghisl\\OneDrive\\Documents\\cameroonian-food-recipe\\Traditional-Food-Receipy-Application\\backend\\regional-service\\src\\middleware\\authMiddleware.ts": {"path":"C:\\Users\\ghisl\\OneDrive\\Documents\\cameroonian-food-recipe\\Traditional-Food-Receipy-Application\\backend\\regional-service\\src\\middleware\\authMiddleware.ts","statementMap":{"0":{"start":{"line":15,"column":8},"end":{"line":15,"column":23}},"1":{"start":{"line":16,"column":8},"end":{"line":16,"column":37}},"2":{"start":{"line":17,"column":8},"end":{"line":17,"column":57}},"3":{"start":{"line":12,"column":0},"end":{"line":12,"column":13}},"4":{"start":{"line":25,"column":23},"end":{"line":41,"column":1}},"5":{"start":{"line":26,"column":19},"end":{"line":26,"column":53}},"6":{"start":{"line":27,"column":28},"end":{"line":27,"column":65}},"7":{"start":{"line":29,"column":4},"end":{"line":31,"column":5}},"8":{"start":{"line":30,"column":8},"end":{"line":30,"column":88}},"9":{"start":{"line":33,"column":4},"end":{"line":40,"column":5}},"10":{"start":{"line":34,"column":22},"end":{"line":34,"column":73}},"11":{"start":{"line":34,"column":61},"end":{"line":34,"column":72}},"12":{"start":{"line":35,"column":8},"end":{"line":35,"column":41}},"13":{"start":{"line":36,"column":8},"end":{"line":36,"column":15}},"14":{"start":{"line":38,"column":8},"end":{"line":38,"column":61}},"15":{"start":{"line":39,"column":8},"end":{"line":39,"column":83}},"16":{"start":{"line":25,"column":13},"end":{"line":25,"column":23}},"17":{"start":{"line":47,"column":25},"end":{"line":60,"column":1}},"18":{"start":{"line":48,"column":4},"end":{"line":59,"column":6}},"19":{"start":{"line":49,"column":8},"end":{"line":51,"column":9}},"20":{"start":{"line":50,"column":12},"end":{"line":50,"column":88}},"21":{"start":{"line":53,"column":32},"end":{"line":53,"column":88}},"22":{"start":{"line":53,"column":60},"end":{"line":53,"column":87}},"23":{"start":{"line":55,"column":8},"end":{"line":57,"column":9}},"24":{"start":{"line":56,"column":12},"end":{"line":56,"column":170}},"25":{"start":{"line":58,"column":8},"end":{"line":58,"column":15}},"26":{"start":{"line":47,"column":13},"end":{"line":47,"column":25}}},"fnMap":{"0":{"name":"(anonymous_0)","decl":{"start":{"line":14,"column":4},"end":{"line":14,"column":16}},"loc":{"start":{"line":14,"column":57},"end":{"line":18,"column":5}}},"1":{"name":"(anonymous_1)","decl":{"start":{"line":25,"column":23},"end":{"line":25,"column":24}},"loc":{"start":{"line":25,"column":80},"end":{"line":41,"column":1}}},"2":{"name":"(anonymous_2)","decl":{"start":{"line":34,"column":53},"end":{"line":34,"column":57}},"loc":{"start":{"line":34,"column":61},"end":{"line":34,"column":72}}},"3":{"name":"(anonymous_3)","decl":{"start":{"line":47,"column":25},"end":{"line":47,"column":26}},"loc":{"start":{"line":47,"column":52},"end":{"line":60,"column":1}}},"4":{"name":"(anonymous_4)","decl":{"start":{"line":48,"column":11},"end":{"line":48,"column":12}},"loc":{"start":{"line":48,"column":68},"end":{"line":59,"column":5}}},"5":{"name":"(anonymous_5)","decl":{"start":{"line":53,"column":52},"end":{"line":53,"column":56}},"loc":{"start":{"line":53,"column":60},"end":{"line":53,"column":87}}}},"branchMap":{"0":{"loc":{"start":{"line":14,"column":33},"end":{"line":14,"column":57}},"type":"default-arg","locations":[{"start":{"line":14,"column":54},"end":{"line":14,"column":57}}]},"1":{"loc":{"start":{"line":29,"column":4},"end":{"line":31,"column":5}},"type":"if","locations":[{"start":{"line":29,"column":4},"end":{"line":31,"column":5}}]},"2":{"loc":{"start":{"line":29,"column":8},"end":{"line":29,"column":54}},"type":"binary-expr","locations":[{"start":{"line":29,"column":8},"end":{"line":29,"column":15}},{"start":{"line":29,"column":19},"end":{"line":29,"column":54}}]},"3":{"loc":{"start":{"line":49,"column":8},"end":{"line":51,"column":9}},"type":"if","locations":[{"start":{"line":49,"column":8},"end":{"line":51,"column":9}}]},"4":{"loc":{"start":{"line":49,"column":12},"end":{"line":49,"column":40}},"type":"binary-expr","locations":[{"start":{"line":49,"column":12},"end":{"line":49,"column":21}},{"start":{"line":49,"column":25},"end":{"line":49,"column":40}}]},"5":{"loc":{"start":{"line":55,"column":8},"end":{"line":57,"column":9}},"type":"if","locations":[{"start":{"line":55,"column":8},"end":{"line":57,"column":9}}]}},"s":{"0":5,"1":5,"2":5,"3":1,"4":1,"5":4,"6":4,"7":4,"8":2,"9":2,"10":2,"11":3,"12":2,"13":2,"14":0,"15":0,"16":1,"17":1,"18":4,"19":4,"20":1,"21":3,"22":2,"23":3,"24":2,"25":1,"26":1},"f":{"0":5,"1":4,"2":3,"3":4,"4":4,"5":2},"b":{"0":[0],"1":[2],"2":[4,3],"3":[1],"4":[4,3],"5":[2]}}
}
