TN:
SF:src\middleware\authMiddleware.ts
FN:14,(anonymous_0)
FN:25,(anonymous_1)
FN:34,(anonymous_2)
FN:47,(anonymous_3)
FN:48,(anonymous_4)
FN:53,(anonymous_5)
FNF:6
FNH:6
FNDA:5,(anonymous_0)
FNDA:4,(anonymous_1)
FNDA:3,(anonymous_2)
FNDA:4,(anonymous_3)
FNDA:4,(anonymous_4)
FNDA:2,(anonymous_5)
DA:12,1
DA:15,5
DA:16,5
DA:17,5
DA:25,1
DA:26,4
DA:27,4
DA:29,4
DA:30,2
DA:33,2
DA:34,3
DA:35,2
DA:36,2
DA:38,0
DA:39,0
DA:47,1
DA:48,4
DA:49,4
DA:50,1
DA:53,3
DA:55,3
DA:56,2
DA:58,1
LF:23
LH:21
BRDA:14,0,0,0
BRDA:29,1,0,2
BRDA:29,2,0,4
BRDA:29,2,1,3
BRDA:49,3,0,1
BRDA:49,4,0,4
BRDA:49,4,1,3
BRDA:55,5,0,2
BRF:8
BRH:7
end_of_record
