{"C:\\Users\\ghisl\\OneDrive\\Documents\\cameroonian-food-recipe\\Traditional-Food-Receipy-Application\\backend\\user-service\\src\\middleware\\authMiddleware.ts": {"path":"C:\\Users\\ghisl\\OneDrive\\Documents\\cameroonian-food-recipe\\Traditional-Food-Receipy-Application\\backend\\user-service\\src\\middleware\\authMiddleware.ts","statementMap":{"0":{"start":{"line":16,"column":4},"end":{"line":16,"column":19}},"1":{"start":{"line":17,"column":4},"end":{"line":17,"column":28}},"2":{"start":{"line":18,"column":4},"end":{"line":18,"column":25}},"3":{"start":{"line":13,"column":0},"end":{"line":13,"column":13}},"4":{"start":{"line":22,"column":23},"end":{"line":36,"column":1}},"5":{"start":{"line":23,"column":17},"end":{"line":23,"column":51}},"6":{"start":{"line":24,"column":20},"end":{"line":24,"column":57}},"7":{"start":{"line":26,"column":2},"end":{"line":28,"column":3}},"8":{"start":{"line":27,"column":4},"end":{"line":27,"column":68}},"9":{"start":{"line":30,"column":2},"end":{"line":33,"column":4}},"10":{"start":{"line":32,"column":56},"end":{"line":32,"column":67}},"11":{"start":{"line":35,"column":2},"end":{"line":35,"column":9}},"12":{"start":{"line":22,"column":13},"end":{"line":22,"column":23}},"13":{"start":{"line":38,"column":25},"end":{"line":51,"column":1}},"14":{"start":{"line":39,"column":2},"end":{"line":50,"column":4}},"15":{"start":{"line":40,"column":4},"end":{"line":42,"column":5}},"16":{"start":{"line":41,"column":6},"end":{"line":41,"column":64}},"17":{"start":{"line":44,"column":28},"end":{"line":44,"column":84}},"18":{"start":{"line":44,"column":56},"end":{"line":44,"column":83}},"19":{"start":{"line":46,"column":4},"end":{"line":48,"column":5}},"20":{"start":{"line":47,"column":6},"end":{"line":47,"column":77}},"21":{"start":{"line":49,"column":4},"end":{"line":49,"column":11}},"22":{"start":{"line":38,"column":13},"end":{"line":38,"column":25}}},"fnMap":{"0":{"name":"(anonymous_0)","decl":{"start":{"line":15,"column":2},"end":{"line":15,"column":14}},"loc":{"start":{"line":15,"column":51},"end":{"line":19,"column":3}}},"1":{"name":"(anonymous_1)","decl":{"start":{"line":22,"column":23},"end":{"line":22,"column":24}},"loc":{"start":{"line":22,"column":80},"end":{"line":36,"column":1}}},"2":{"name":"(anonymous_2)","decl":{"start":{"line":32,"column":48},"end":{"line":32,"column":52}},"loc":{"start":{"line":32,"column":56},"end":{"line":32,"column":67}}},"3":{"name":"(anonymous_3)","decl":{"start":{"line":38,"column":25},"end":{"line":38,"column":26}},"loc":{"start":{"line":38,"column":52},"end":{"line":51,"column":1}}},"4":{"name":"(anonymous_4)","decl":{"start":{"line":39,"column":9},"end":{"line":39,"column":10}},"loc":{"start":{"line":39,"column":66},"end":{"line":50,"column":3}}},"5":{"name":"(anonymous_5)","decl":{"start":{"line":44,"column":48},"end":{"line":44,"column":52}},"loc":{"start":{"line":44,"column":56},"end":{"line":44,"column":83}}}},"branchMap":{"0":{"loc":{"start":{"line":15,"column":31},"end":{"line":15,"column":51}},"type":"default-arg","locations":[{"start":{"line":15,"column":48},"end":{"line":15,"column":51}}]},"1":{"loc":{"start":{"line":26,"column":2},"end":{"line":28,"column":3}},"type":"if","locations":[{"start":{"line":26,"column":2},"end":{"line":28,"column":3}}]},"2":{"loc":{"start":{"line":32,"column":11},"end":{"line":32,"column":73}},"type":"cond-expr","locations":[{"start":{"line":32,"column":23},"end":{"line":32,"column":68}},{"start":{"line":32,"column":71},"end":{"line":32,"column":73}}]},"3":{"loc":{"start":{"line":40,"column":4},"end":{"line":42,"column":5}},"type":"if","locations":[{"start":{"line":40,"column":4},"end":{"line":42,"column":5}}]},"4":{"loc":{"start":{"line":40,"column":8},"end":{"line":40,"column":36}},"type":"binary-expr","locations":[{"start":{"line":40,"column":8},"end":{"line":40,"column":17}},{"start":{"line":40,"column":21},"end":{"line":40,"column":36}}]},"5":{"loc":{"start":{"line":46,"column":4},"end":{"line":48,"column":5}},"type":"if","locations":[{"start":{"line":46,"column":4},"end":{"line":48,"column":5}}]}},"s":{"0":3,"1":3,"2":3,"3":1,"4":1,"5":3,"6":3,"7":3,"8":1,"9":2,"10":2,"11":2,"12":1,"13":1,"14":3,"15":3,"16":1,"17":2,"18":2,"19":2,"20":1,"21":1,"22":1},"f":{"0":3,"1":3,"2":2,"3":3,"4":3,"5":2},"b":{"0":[0],"1":[1],"2":[1,1],"3":[1],"4":[3,2],"5":[1]}}
}
