TN:
SF:src\middleware\authMiddleware.ts
FN:15,(anonymous_0)
FN:22,(anonymous_1)
FN:32,(anonymous_2)
FN:38,(anonymous_3)
FN:39,(anonymous_4)
FN:44,(anonymous_5)
FNF:6
FNH:6
FNDA:3,(anonymous_0)
FNDA:3,(anonymous_1)
FNDA:2,(anonymous_2)
FNDA:3,(anonymous_3)
FNDA:3,(anonymous_4)
FNDA:2,(anonymous_5)
DA:13,1
DA:16,3
DA:17,3
DA:18,3
DA:22,1
DA:23,3
DA:24,3
DA:26,3
DA:27,1
DA:30,2
DA:32,2
DA:35,2
DA:38,1
DA:39,3
DA:40,3
DA:41,1
DA:44,2
DA:46,2
DA:47,1
DA:49,1
LF:20
LH:20
BRDA:15,0,0,0
BRDA:26,1,0,1
BRDA:32,2,0,1
BRDA:32,2,1,1
BRDA:40,3,0,1
BRDA:40,4,0,3
BRDA:40,4,1,2
BRDA:46,5,0,1
BRF:8
BRH:7
end_of_record
